<?xml version="1.0" encoding="UTF-8"?>
<!-- Generated by org.testng.reporters.JUnitXMLReporter -->
<testsuite ignored="0" hostname="DESKTOP-C1TU1OE" failures="0" tests="3" name="Default test" time="40.506" errors="0" timestamp="2023-05-25T18:21:44 IST">
  <testcase classname="tests.PageObjectDataProviderTest2" name="simpleFormTest" time="11.832"/>
  <testcase classname="tests.PageObjectDataProviderTest2" name="simpleFormTest" time="13.026"/>
  <testcase classname="tests.PageObjectDataProviderTest2" name="simpleFormTest" time="11.541"/>
</testsuite> <!-- Default test -->
